{"$message_type":"diagnostic","message":"expected one of `!`, `,`, `.`, `::`, `?`, `{`, `}`, or an operator, found `anyhow`","code":null,"level":"error","spans":[{"file_name":"libs/rutils/src/process.rs","byte_start":1073,"byte_end":1079,"line_start":45,"line_end":45,"column_start":27,"column_end":33,"is_primary":true,"text":[{"text":"            Err(e) => Err anyhow::anyhow!(\"fork failed: {}\", e),","highlight_start":27,"highlight_end":33}],"label":"expected one of 8 possible tokens","suggested_replacement":null,"suggestion_applicability":null,"expansion":null},{"file_name":"libs/rutils/src/process.rs","byte_start":1066,"byte_end":1068,"line_start":45,"line_end":45,"column_start":20,"column_end":22,"is_primary":false,"text":[{"text":"            Err(e) => Err anyhow::anyhow!(\"fork failed: {}\", e),","highlight_start":20,"highlight_end":22}],"label":"while parsing the `match` arm starting here","suggested_replacement":null,"suggestion_applicability":null,"expansion":null}],"children":[],"rendered":"\u001b[1m\u001b[91merror\u001b[0m\u001b[1m: expected one of `!`, `,`, `.`, `::`, `?`, `{`, `}`, or an operator, found `anyhow`\u001b[0m\n  \u001b[1m\u001b[94m--> \u001b[0mlibs/rutils/src/process.rs:45:27\n   \u001b[1m\u001b[94m|\u001b[0m\n\u001b[1m\u001b[94m45\u001b[0m \u001b[1m\u001b[94m|\u001b[0m             Err(e) => Err anyhow::anyhow!(\"fork failed: {}\", e),\n   \u001b[1m\u001b[94m|\u001b[0m                    \u001b[1m\u001b[94m--\u001b[0m     \u001b[1m\u001b[91m^^^^^^\u001b[0m \u001b[1m\u001b[91mexpected one of 8 possible tokens\u001b[0m\n   \u001b[1m\u001b[94m|\u001b[0m                    \u001b[1m\u001b[94m|\u001b[0m\n   \u001b[1m\u001b[94m|\u001b[0m                    \u001b[1m\u001b[94mwhile parsing the `match` arm starting here\u001b[0m\n\n"}
{"$message_type":"diagnostic","message":"no method named `to_string_lossy` found for struct `std::string::String` in the current scope","code":{"code":"E0599","explanation":"This error occurs when a method is used on a type which doesn't implement it:\n\nErroneous code example:\n\n```compile_fail,E0599\nstruct Mouth;\n\nlet x = Mouth;\nx.chocolate(); // error: no method named `chocolate` found for type `Mouth`\n               //        in the current scope\n```\n\nIn this case, you need to implement the `chocolate` method to fix the error:\n\n```\nstruct Mouth;\n\nimpl Mouth {\n    fn chocolate(&self) { // We implement the `chocolate` method here.\n        println!(\"Hmmm! I love chocolate!\");\n    }\n}\n\nlet x = Mouth;\nx.chocolate(); // ok!\n```\n"},"level":"error","spans":[{"file_name":"libs/rutils/src/auth.rs","byte_start":2084,"byte_end":2099,"line_start":62,"line_end":62,"column_start":18,"column_end":33,"is_primary":true,"text":[{"text":"    Ok(user.name.to_string_lossy().into_owned())","highlight_start":18,"highlight_end":33}],"label":null,"suggested_replacement":null,"suggestion_applicability":null,"expansion":null}],"children":[{"message":"there is a method `to_string` with a similar name","code":null,"level":"help","spans":[{"file_name":"libs/rutils/src/auth.rs","byte_start":2084,"byte_end":2099,"line_start":62,"line_end":62,"column_start":18,"column_end":33,"is_primary":true,"text":[{"text":"    Ok(user.name.to_string_lossy().into_owned())","highlight_start":18,"highlight_end":33}],"label":null,"suggested_replacement":"to_string","suggestion_applicability":"MaybeIncorrect","expansion":null}],"children":[],"rendered":null}],"rendered":"\u001b[1m\u001b[91merror[E0599]\u001b[0m\u001b[1m: no method named `to_string_lossy` found for struct `std::string::String` in the current scope\u001b[0m\n  \u001b[1m\u001b[94m--> \u001b[0mlibs/rutils/src/auth.rs:62:18\n   \u001b[1m\u001b[94m|\u001b[0m\n\u001b[1m\u001b[94m62\u001b[0m \u001b[1m\u001b[94m|\u001b[0m     Ok(user.name.to_string_lossy().into_owned())\n   \u001b[1m\u001b[94m|\u001b[0m                  \u001b[1m\u001b[91m^^^^^^^^^^^^^^^\u001b[0m\n   \u001b[1m\u001b[94m|\u001b[0m\n\u001b[1m\u001b[96mhelp\u001b[0m: there is a method `to_string` with a similar name\n   \u001b[1m\u001b[94m|\u001b[0m\n\u001b[1m\u001b[94m62\u001b[0m \u001b[91m- \u001b[0m    Ok(user.name.\u001b[91mto_string_lossy\u001b[0m().into_owned())\n\u001b[1m\u001b[94m62\u001b[0m \u001b[92m+ \u001b[0m    Ok(user.name.\u001b[92mto_string\u001b[0m().into_owned())\n   \u001b[1m\u001b[94m|\u001b[0m\n\n"}
{"$message_type":"diagnostic","message":"mismatched types","code":{"code":"E0308","explanation":"Expected type did not match the received type.\n\nErroneous code examples:\n\n```compile_fail,E0308\nfn plus_one(x: i32) -> i32 {\n    x + 1\n}\n\nplus_one(\"Not a number\");\n//       ^^^^^^^^^^^^^^ expected `i32`, found `&str`\n\nif \"Not a bool\" {\n// ^^^^^^^^^^^^ expected `bool`, found `&str`\n}\n\nlet x: f32 = \"Not a float\";\n//     ---   ^^^^^^^^^^^^^ expected `f32`, found `&str`\n//     |\n//     expected due to this\n```\n\nThis error occurs when an expression was used in a place where the compiler\nexpected an expression of a different type. It can occur in several cases, the\nmost common being when calling a function and passing an argument which has a\ndifferent type than the matching type in the function declaration.\n"},"level":"error","spans":[{"file_name":"libs/rutils/src/auth.rs","byte_start":3019,"byte_end":3027,"line_start":92,"line_end":92,"column_start":26,"column_end":34,"is_primary":true,"text":[{"text":"    setgid(Gid::from_raw(user.gid)).context(\"failed to set group ID\")?;","highlight_start":26,"highlight_end":34}],"label":"expected `u32`, found `Gid`","suggested_replacement":null,"suggestion_applicability":null,"expansion":null},{"file_name":"libs/rutils/src/auth.rs","byte_start":3005,"byte_end":3018,"line_start":92,"line_end":92,"column_start":12,"column_end":25,"is_primary":false,"text":[{"text":"    setgid(Gid::from_raw(user.gid)).context(\"failed to set group ID\")?;","highlight_start":12,"highlight_end":25}],"label":"arguments to this function are incorrect","suggested_replacement":null,"suggestion_applicability":null,"expansion":null}],"children":[{"message":"associated function defined here","code":null,"level":"note","spans":[{"file_name":"/root/.cargo/registry/src/index.crates.io-1949cf8c6b5b557f/nix-0.27.1/src/unistd.rs","byte_start":3307,"byte_end":3315,"line_start":135,"line_end":135,"column_start":18,"column_end":26,"is_primary":true,"text":[{"text":"    pub const fn from_raw(gid: gid_t) -> Self {","highlight_start":18,"highlight_end":26}],"label":null,"suggested_replacement":null,"suggestion_applicability":null,"expansion":null}],"children":[],"rendered":null},{"message":"call `Into::into` on this expression to convert `Gid` into `u32`","code":null,"level":"help","spans":[{"file_name":"libs/rutils/src/auth.rs","byte_start":3027,"byte_end":3027,"line_start":92,"line_end":92,"column_start":34,"column_end":34,"is_primary":true,"text":[{"text":"    setgid(Gid::from_raw(user.gid)).context(\"failed to set group ID\")?;","highlight_start":34,"highlight_end":34}],"label":null,"suggested_replacement":".into()","suggestion_applicability":"MaybeIncorrect","expansion":null}],"children":[],"rendered":null}],"rendered":"\u001b[1m\u001b[91merror[E0308]\u001b[0m\u001b[1m: mismatched types\u001b[0m\n   \u001b[1m\u001b[94m--> \u001b[0mlibs/rutils/src/auth.rs:92:26\n    \u001b[1m\u001b[94m|\u001b[0m\n\u001b[1m\u001b[94m 92\u001b[0m \u001b[1m\u001b[94m|\u001b[0m     setgid(Gid::from_raw(user.gid)).context(\"failed to set group ID\")?;\n    \u001b[1m\u001b[94m|\u001b[0m            \u001b[1m\u001b[94m-------------\u001b[0m \u001b[1m\u001b[91m^^^^^^^^\u001b[0m \u001b[1m\u001b[91mexpected `u32`, found `Gid`\u001b[0m\n    \u001b[1m\u001b[94m|\u001b[0m            \u001b[1m\u001b[94m|\u001b[0m\n    \u001b[1m\u001b[94m|\u001b[0m            \u001b[1m\u001b[94marguments to this function are incorrect\u001b[0m\n    \u001b[1m\u001b[94m|\u001b[0m\n\u001b[1m\u001b[92mnote\u001b[0m: associated function defined here\n   \u001b[1m\u001b[94m--> \u001b[0m/root/.cargo/registry/src/index.crates.io-1949cf8c6b5b557f/nix-0.27.1/src/unistd.rs:135:18\n    \u001b[1m\u001b[94m|\u001b[0m\n\u001b[1m\u001b[94m135\u001b[0m \u001b[1m\u001b[94m|\u001b[0m     pub const fn from_raw(gid: gid_t) -> Self {\n    \u001b[1m\u001b[94m|\u001b[0m                  \u001b[1m\u001b[92m^^^^^^^^\u001b[0m\n\u001b[1m\u001b[96mhelp\u001b[0m: call `Into::into` on this expression to convert `Gid` into `u32`\n    \u001b[1m\u001b[94m|\u001b[0m\n\u001b[1m\u001b[94m 92\u001b[0m \u001b[1m\u001b[94m| \u001b[0m    setgid(Gid::from_raw(user.gid\u001b[92m.into()\u001b[0m)).context(\"failed to set group ID\")?;\n    \u001b[1m\u001b[94m|\u001b[0m                                  \u001b[92m+++++++\u001b[0m\n\n"}
{"$message_type":"diagnostic","message":"mismatched types","code":{"code":"E0308","explanation":"Expected type did not match the received type.\n\nErroneous code examples:\n\n```compile_fail,E0308\nfn plus_one(x: i32) -> i32 {\n    x + 1\n}\n\nplus_one(\"Not a number\");\n//       ^^^^^^^^^^^^^^ expected `i32`, found `&str`\n\nif \"Not a bool\" {\n// ^^^^^^^^^^^^ expected `bool`, found `&str`\n}\n\nlet x: f32 = \"Not a float\";\n//     ---   ^^^^^^^^^^^^^ expected `f32`, found `&str`\n//     |\n//     expected due to this\n```\n\nThis error occurs when an expression was used in a place where the compiler\nexpected an expression of a different type. It can occur in several cases, the\nmost common being when calling a function and passing an argument which has a\ndifferent type than the matching type in the function declaration.\n"},"level":"error","spans":[{"file_name":"libs/rutils/src/auth.rs","byte_start":3114,"byte_end":3122,"line_start":95,"line_end":95,"column_start":26,"column_end":34,"is_primary":true,"text":[{"text":"    setuid(Uid::from_raw(user.uid)).context(\"failed to set user ID\")?;","highlight_start":26,"highlight_end":34}],"label":"expected `u32`, found `Uid`","suggested_replacement":null,"suggestion_applicability":null,"expansion":null},{"file_name":"libs/rutils/src/auth.rs","byte_start":3100,"byte_end":3113,"line_start":95,"line_end":95,"column_start":12,"column_end":25,"is_primary":false,"text":[{"text":"    setuid(Uid::from_raw(user.uid)).context(\"failed to set user ID\")?;","highlight_start":12,"highlight_end":25}],"label":"arguments to this function are incorrect","suggested_replacement":null,"suggestion_applicability":null,"expansion":null}],"children":[{"message":"associated function defined here","code":null,"level":"note","spans":[{"file_name":"/root/.cargo/registry/src/index.crates.io-1949cf8c6b5b557f/nix-0.27.1/src/unistd.rs","byte_start":1960,"byte_end":1968,"line_start":78,"line_end":78,"column_start":18,"column_end":26,"is_primary":true,"text":[{"text":"    pub const fn from_raw(uid: uid_t) -> Self {","highlight_start":18,"highlight_end":26}],"label":null,"suggested_replacement":null,"suggestion_applicability":null,"expansion":null}],"children":[],"rendered":null},{"message":"call `Into::into` on this expression to convert `Uid` into `u32`","code":null,"level":"help","spans":[{"file_name":"libs/rutils/src/auth.rs","byte_start":3122,"byte_end":3122,"line_start":95,"line_end":95,"column_start":34,"column_end":34,"is_primary":true,"text":[{"text":"    setuid(Uid::from_raw(user.uid)).context(\"failed to set user ID\")?;","highlight_start":34,"highlight_end":34}],"label":null,"suggested_replacement":".into()","suggestion_applicability":"MaybeIncorrect","expansion":null}],"children":[],"rendered":null}],"rendered":"\u001b[1m\u001b[91merror[E0308]\u001b[0m\u001b[1m: mismatched types\u001b[0m\n  \u001b[1m\u001b[94m--> \u001b[0mlibs/rutils/src/auth.rs:95:26\n   \u001b[1m\u001b[94m|\u001b[0m\n\u001b[1m\u001b[94m95\u001b[0m \u001b[1m\u001b[94m|\u001b[0m     setuid(Uid::from_raw(user.uid)).context(\"failed to set user ID\")?;\n   \u001b[1m\u001b[94m|\u001b[0m            \u001b[1m\u001b[94m-------------\u001b[0m \u001b[1m\u001b[91m^^^^^^^^\u001b[0m \u001b[1m\u001b[91mexpected `u32`, found `Uid`\u001b[0m\n   \u001b[1m\u001b[94m|\u001b[0m            \u001b[1m\u001b[94m|\u001b[0m\n   \u001b[1m\u001b[94m|\u001b[0m            \u001b[1m\u001b[94marguments to this function are incorrect\u001b[0m\n   \u001b[1m\u001b[94m|\u001b[0m\n\u001b[1m\u001b[92mnote\u001b[0m: associated function defined here\n  \u001b[1m\u001b[94m--> \u001b[0m/root/.cargo/registry/src/index.crates.io-1949cf8c6b5b557f/nix-0.27.1/src/unistd.rs:78:18\n   \u001b[1m\u001b[94m|\u001b[0m\n\u001b[1m\u001b[94m78\u001b[0m \u001b[1m\u001b[94m|\u001b[0m     pub const fn from_raw(uid: uid_t) -> Self {\n   \u001b[1m\u001b[94m|\u001b[0m                  \u001b[1m\u001b[92m^^^^^^^^\u001b[0m\n\u001b[1m\u001b[96mhelp\u001b[0m: call `Into::into` on this expression to convert `Uid` into `u32`\n   \u001b[1m\u001b[94m|\u001b[0m\n\u001b[1m\u001b[94m95\u001b[0m \u001b[1m\u001b[94m| \u001b[0m    setuid(Uid::from_raw(user.uid\u001b[92m.into()\u001b[0m)).context(\"failed to set user ID\")?;\n   \u001b[1m\u001b[94m|\u001b[0m                                  \u001b[92m+++++++\u001b[0m\n\n"}
{"$message_type":"diagnostic","message":"failed to resolve: use of unresolved module or unlinked crate `serde_json`","code":{"code":"E0433","explanation":"An undeclared crate, module, or type was used.\n\nErroneous code example:\n\n```compile_fail,E0433\nlet map = HashMap::new();\n// error: failed to resolve: use of undeclared type `HashMap`\n```\n\nPlease verify you didn't misspell the type/module's name or that you didn't\nforget to import it:\n\n```\nuse std::collections::HashMap; // HashMap has been imported.\nlet map: HashMap<u32, u32> = HashMap::new(); // So it can be used!\n```\n\nIf you've expected to use a crate name:\n\n```compile_fail\nuse ferris_wheel::BigO;\n// error: failed to resolve: use of undeclared module or unlinked crate\n```\n\nMake sure the crate has been added as a dependency in `Cargo.toml`.\n\nTo use a module from your current crate, add the `crate::` prefix to the path.\n"},"level":"error","spans":[{"file_name":"libs/rutils/src/config.rs","byte_start":803,"byte_end":813,"line_start":28,"line_end":28,"column_start":9,"column_end":19,"is_primary":true,"text":[{"text":"        serde_json::from_str(&content)","highlight_start":9,"highlight_end":19}],"label":"use of unresolved module or unlinked crate `serde_json`","suggested_replacement":null,"suggestion_applicability":null,"expansion":null}],"children":[{"message":"if you wanted to use a crate named `serde_json`, use `cargo add serde_json` to add it to your `Cargo.toml`","code":null,"level":"help","spans":[],"children":[],"rendered":null}],"rendered":"\u001b[1m\u001b[91merror[E0433]\u001b[0m\u001b[1m: failed to resolve: use of unresolved module or unlinked crate `serde_json`\u001b[0m\n  \u001b[1m\u001b[94m--> \u001b[0mlibs/rutils/src/config.rs:28:9\n   \u001b[1m\u001b[94m|\u001b[0m\n\u001b[1m\u001b[94m28\u001b[0m \u001b[1m\u001b[94m|\u001b[0m         serde_json::from_str(&content)\n   \u001b[1m\u001b[94m|\u001b[0m         \u001b[1m\u001b[91m^^^^^^^^^^\u001b[0m \u001b[1m\u001b[91muse of unresolved module or unlinked crate `serde_json`\u001b[0m\n   \u001b[1m\u001b[94m|\u001b[0m\n   \u001b[1m\u001b[94m= \u001b[0m\u001b[1mhelp\u001b[0m: if you wanted to use a crate named `serde_json`, use `cargo add serde_json` to add it to your `Cargo.toml`\n\n"}
{"$message_type":"diagnostic","message":"failed to resolve: use of unresolved module or unlinked crate `serde_json`","code":{"code":"E0433","explanation":"An undeclared crate, module, or type was used.\n\nErroneous code example:\n\n```compile_fail,E0433\nlet map = HashMap::new();\n// error: failed to resolve: use of undeclared type `HashMap`\n```\n\nPlease verify you didn't misspell the type/module's name or that you didn't\nforget to import it:\n\n```\nuse std::collections::HashMap; // HashMap has been imported.\nlet map: HashMap<u32, u32> = HashMap::new(); // So it can be used!\n```\n\nIf you've expected to use a crate name:\n\n```compile_fail\nuse ferris_wheel::BigO;\n// error: failed to resolve: use of undeclared module or unlinked crate\n```\n\nMake sure the crate has been added as a dependency in `Cargo.toml`.\n\nTo use a module from your current crate, add the `crate::` prefix to the path.\n"},"level":"error","spans":[{"file_name":"libs/rutils/src/config.rs","byte_start":1231,"byte_end":1241,"line_start":39,"line_end":39,"column_start":23,"column_end":33,"is_primary":true,"text":[{"text":"        let content = serde_json::to_string_pretty(self)","highlight_start":23,"highlight_end":33}],"label":"use of unresolved module or unlinked crate `serde_json`","suggested_replacement":null,"suggestion_applicability":null,"expansion":null}],"children":[{"message":"if you wanted to use a crate named `serde_json`, use `cargo add serde_json` to add it to your `Cargo.toml`","code":null,"level":"help","spans":[],"children":[],"rendered":null}],"rendered":"\u001b[1m\u001b[91merror[E0433]\u001b[0m\u001b[1m: failed to resolve: use of unresolved module or unlinked crate `serde_json`\u001b[0m\n  \u001b[1m\u001b[94m--> \u001b[0mlibs/rutils/src/config.rs:39:23\n   \u001b[1m\u001b[94m|\u001b[0m\n\u001b[1m\u001b[94m39\u001b[0m \u001b[1m\u001b[94m|\u001b[0m         let content = serde_json::to_string_pretty(self)\n   \u001b[1m\u001b[94m|\u001b[0m                       \u001b[1m\u001b[91m^^^^^^^^^^\u001b[0m \u001b[1m\u001b[91muse of unresolved module or unlinked crate `serde_json`\u001b[0m\n   \u001b[1m\u001b[94m|\u001b[0m\n   \u001b[1m\u001b[94m= \u001b[0m\u001b[1mhelp\u001b[0m: if you wanted to use a crate named `serde_json`, use `cargo add serde_json` to add it to your `Cargo.toml`\n\n"}
{"$message_type":"diagnostic","message":"aborting due to 6 previous errors","code":null,"level":"error","spans":[],"children":[],"rendered":"\u001b[1m\u001b[91merror\u001b[0m\u001b[1m: aborting due to 6 previous errors\u001b[0m\n\n"}
{"$message_type":"diagnostic","message":"Some errors have detailed explanations: E0308, E0433, E0599.","code":null,"level":"failure-note","spans":[],"children":[],"rendered":"\u001b[1mSome errors have detailed explanations: E0308, E0433, E0599.\u001b[0m\n"}
{"$message_type":"diagnostic","message":"For more information about an error, try `rustc --explain E0308`.","code":null,"level":"failure-note","spans":[],"children":[],"rendered":"\u001b[1mFor more information about an error, try `rustc --explain E0308`.\u001b[0m\n"}
