{"$message_type":"diagnostic","message":"unused imports: `Context` and `anyhow`","code":{"code":"unused_imports","explanation":null},"level":"warning","spans":[{"file_name":"cli/svc/src/main.rs","byte_start":299,"byte_end":306,"line_start":11,"line_end":11,"column_start":14,"column_end":21,"is_primary":true,"text":[{"text":"use anyhow::{Context, Result, anyhow};","highlight_start":14,"highlight_end":21}],"label":null,"suggested_replacement":null,"suggestion_applicability":null,"expansion":null},{"file_name":"cli/svc/src/main.rs","byte_start":316,"byte_end":322,"line_start":11,"line_end":11,"column_start":31,"column_end":37,"is_primary":true,"text":[{"text":"use anyhow::{Context, Result, anyhow};","highlight_start":31,"highlight_end":37}],"label":null,"suggested_replacement":null,"suggestion_applicability":null,"expansion":null}],"children":[{"message":"`#[warn(unused_imports)]` (part of `#[warn(unused)]`) on by default","code":null,"level":"note","spans":[],"children":[],"rendered":null},{"message":"remove the unused imports","code":null,"level":"help","spans":[{"file_name":"cli/svc/src/main.rs","byte_start":299,"byte_end":308,"line_start":11,"line_end":11,"column_start":14,"column_end":23,"is_primary":true,"text":[{"text":"use anyhow::{Context, Result, anyhow};","highlight_start":14,"highlight_end":23}],"label":null,"suggested_replacement":"","suggestion_applicability":"MachineApplicable","expansion":null},{"file_name":"cli/svc/src/main.rs","byte_start":314,"byte_end":322,"line_start":11,"line_end":11,"column_start":29,"column_end":37,"is_primary":true,"text":[{"text":"use anyhow::{Context, Result, anyhow};","highlight_start":29,"highlight_end":37}],"label":null,"suggested_replacement":"","suggestion_applicability":"MachineApplicable","expansion":null},{"file_name":"cli/svc/src/main.rs","byte_start":298,"byte_end":299,"line_start":11,"line_end":11,"column_start":13,"column_end":14,"is_primary":true,"text":[{"text":"use anyhow::{Context, Result, anyhow};","highlight_start":13,"highlight_end":14}],"label":null,"suggested_replacement":"","suggestion_applicability":"MachineApplicable","expansion":null},{"file_name":"cli/svc/src/main.rs","byte_start":322,"byte_end":323,"line_start":11,"line_end":11,"column_start":37,"column_end":38,"is_primary":true,"text":[{"text":"use anyhow::{Context, Result, anyhow};","highlight_start":37,"highlight_end":38}],"label":null,"suggested_replacement":"","suggestion_applicability":"MachineApplicable","expansion":null}],"children":[],"rendered":null}],"rendered":"\u001b[1m\u001b[33mwarning\u001b[0m\u001b[1m: unused imports: `Context` and `anyhow`\u001b[0m\n  \u001b[1m\u001b[94m--> \u001b[0mcli/svc/src/main.rs:11:14\n   \u001b[1m\u001b[94m|\u001b[0m\n\u001b[1m\u001b[94m11\u001b[0m \u001b[1m\u001b[94m|\u001b[0m use anyhow::{Context, Result, anyhow};\n   \u001b[1m\u001b[94m|\u001b[0m              \u001b[1m\u001b[33m^^^^^^^\u001b[0m          \u001b[1m\u001b[33m^^^^^^\u001b[0m\n   \u001b[1m\u001b[94m|\u001b[0m\n   \u001b[1m\u001b[94m= \u001b[0m\u001b[1mnote\u001b[0m: `#[warn(unused_imports)]` (part of `#[warn(unused)]`) on by default\n\n"}
{"$message_type":"diagnostic","message":"unused import: `rutils::Process`","code":{"code":"unused_imports","explanation":null},"level":"warning","spans":[{"file_name":"cli/svc/src/main.rs","byte_start":489,"byte_end":504,"line_start":16,"line_end":16,"column_start":5,"column_end":20,"is_primary":true,"text":[{"text":"use rutils::Process;","highlight_start":5,"highlight_end":20}],"label":null,"suggested_replacement":null,"suggestion_applicability":null,"expansion":null}],"children":[{"message":"remove the whole `use` item","code":null,"level":"help","spans":[{"file_name":"cli/svc/src/main.rs","byte_start":485,"byte_end":507,"line_start":16,"line_end":17,"column_start":1,"column_end":1,"is_primary":true,"text":[{"text":"use rutils::Process;","highlight_start":1,"highlight_end":21},{"text":"use serde::{Deserialize, Serialize};","highlight_start":1,"highlight_end":1}],"label":null,"suggested_replacement":"","suggestion_applicability":"MachineApplicable","expansion":null}],"children":[],"rendered":null}],"rendered":"\u001b[1m\u001b[33mwarning\u001b[0m\u001b[1m: unused import: `rutils::Process`\u001b[0m\n  \u001b[1m\u001b[94m--> \u001b[0mcli/svc/src/main.rs:16:5\n   \u001b[1m\u001b[94m|\u001b[0m\n\u001b[1m\u001b[94m16\u001b[0m \u001b[1m\u001b[94m|\u001b[0m use rutils::Process;\n   \u001b[1m\u001b[94m|\u001b[0m     \u001b[1m\u001b[33m^^^^^^^^^^^^^^^\u001b[0m\n\n"}
{"$message_type":"diagnostic","message":"mismatched types","code":{"code":"E0308","explanation":"Expected type did not match the received type.\n\nErroneous code examples:\n\n```compile_fail,E0308\nfn plus_one(x: i32) -> i32 {\n    x + 1\n}\n\nplus_one(\"Not a number\");\n//       ^^^^^^^^^^^^^^ expected `i32`, found `&str`\n\nif \"Not a bool\" {\n// ^^^^^^^^^^^^ expected `bool`, found `&str`\n}\n\nlet x: f32 = \"Not a float\";\n//     ---   ^^^^^^^^^^^^^ expected `f32`, found `&str`\n//     |\n//     expected due to this\n```\n\nThis error occurs when an expression was used in a place where the compiler\nexpected an expression of a different type. It can occur in several cases, the\nmost common being when calling a function and passing an argument which has a\ndifferent type than the matching type in the function declaration.\n"},"level":"error","spans":[{"file_name":"cli/svc/src/main.rs","byte_start":7894,"byte_end":7900,"line_start":277,"line_end":277,"column_start":22,"column_end":28,"is_primary":true,"text":[{"text":"                    (\"Unit\", \"Description\") => description = value.to_string(),","highlight_start":22,"highlight_end":28}],"label":"expected `String`, found `&str`","suggested_replacement":null,"suggestion_applicability":null,"expansion":null},{"file_name":"cli/svc/src/main.rs","byte_start":7847,"byte_end":7869,"line_start":276,"line_end":276,"column_start":23,"column_end":45,"is_primary":false,"text":[{"text":"                match (current_section, key) {","highlight_start":23,"highlight_end":45}],"label":"this expression has type `(std::string::String, &str)`","suggested_replacement":null,"suggestion_applicability":null,"expansion":null}],"children":[],"rendered":"\u001b[1m\u001b[91merror[E0308]\u001b[0m\u001b[1m: mismatched types\u001b[0m\n   \u001b[1m\u001b[94m--> \u001b[0mcli/svc/src/main.rs:277:22\n    \u001b[1m\u001b[94m|\u001b[0m\n\u001b[1m\u001b[94m276\u001b[0m \u001b[1m\u001b[94m|\u001b[0m                 match (current_section, key) {\n    \u001b[1m\u001b[94m|\u001b[0m                       \u001b[1m\u001b[94m----------------------\u001b[0m \u001b[1m\u001b[94mthis expression has type `(std::string::String, &str)`\u001b[0m\n\u001b[1m\u001b[94m277\u001b[0m \u001b[1m\u001b[94m|\u001b[0m                     (\"Unit\", \"Description\") => description = value.to_string(),\n    \u001b[1m\u001b[94m|\u001b[0m                      \u001b[1m\u001b[91m^^^^^^\u001b[0m \u001b[1m\u001b[91mexpected `String`, found `&str`\u001b[0m\n\n"}
{"$message_type":"diagnostic","message":"mismatched types","code":{"code":"E0308","explanation":"Expected type did not match the received type.\n\nErroneous code examples:\n\n```compile_fail,E0308\nfn plus_one(x: i32) -> i32 {\n    x + 1\n}\n\nplus_one(\"Not a number\");\n//       ^^^^^^^^^^^^^^ expected `i32`, found `&str`\n\nif \"Not a bool\" {\n// ^^^^^^^^^^^^ expected `bool`, found `&str`\n}\n\nlet x: f32 = \"Not a float\";\n//     ---   ^^^^^^^^^^^^^ expected `f32`, found `&str`\n//     |\n//     expected due to this\n```\n\nThis error occurs when an expression was used in a place where the compiler\nexpected an expression of a different type. It can occur in several cases, the\nmost common being when calling a function and passing an argument which has a\ndifferent type than the matching type in the function declaration.\n"},"level":"error","spans":[{"file_name":"cli/svc/src/main.rs","byte_start":7975,"byte_end":7984,"line_start":278,"line_end":278,"column_start":22,"column_end":31,"is_primary":true,"text":[{"text":"                    (\"Service\", \"ExecStart\") => {","highlight_start":22,"highlight_end":31}],"label":"expected `String`, found `&str`","suggested_replacement":null,"suggestion_applicability":null,"expansion":null},{"file_name":"cli/svc/src/main.rs","byte_start":7847,"byte_end":7869,"line_start":276,"line_end":276,"column_start":23,"column_end":45,"is_primary":false,"text":[{"text":"                match (current_section, key) {","highlight_start":23,"highlight_end":45}],"label":"this expression has type `(std::string::String, &str)`","suggested_replacement":null,"suggestion_applicability":null,"expansion":null}],"children":[],"rendered":"\u001b[1m\u001b[91merror[E0308]\u001b[0m\u001b[1m: mismatched types\u001b[0m\n   \u001b[1m\u001b[94m--> \u001b[0mcli/svc/src/main.rs:278:22\n    \u001b[1m\u001b[94m|\u001b[0m\n\u001b[1m\u001b[94m276\u001b[0m \u001b[1m\u001b[94m|\u001b[0m                 match (current_section, key) {\n    \u001b[1m\u001b[94m|\u001b[0m                       \u001b[1m\u001b[94m----------------------\u001b[0m \u001b[1m\u001b[94mthis expression has type `(std::string::String, &str)`\u001b[0m\n\u001b[1m\u001b[94m277\u001b[0m \u001b[1m\u001b[94m|\u001b[0m                     (\"Unit\", \"Description\") => description = value.to_string(),\n\u001b[1m\u001b[94m278\u001b[0m \u001b[1m\u001b[94m|\u001b[0m                     (\"Service\", \"ExecStart\") => {\n    \u001b[1m\u001b[94m|\u001b[0m                      \u001b[1m\u001b[91m^^^^^^^^^\u001b[0m \u001b[1m\u001b[91mexpected `String`, found `&str`\u001b[0m\n\n"}
{"$message_type":"diagnostic","message":"mismatched types","code":{"code":"E0308","explanation":"Expected type did not match the received type.\n\nErroneous code examples:\n\n```compile_fail,E0308\nfn plus_one(x: i32) -> i32 {\n    x + 1\n}\n\nplus_one(\"Not a number\");\n//       ^^^^^^^^^^^^^^ expected `i32`, found `&str`\n\nif \"Not a bool\" {\n// ^^^^^^^^^^^^ expected `bool`, found `&str`\n}\n\nlet x: f32 = \"Not a float\";\n//     ---   ^^^^^^^^^^^^^ expected `f32`, found `&str`\n//     |\n//     expected due to this\n```\n\nThis error occurs when an expression was used in a place where the compiler\nexpected an expression of a different type. It can occur in several cases, the\nmost common being when calling a function and passing an argument which has a\ndifferent type than the matching type in the function declaration.\n"},"level":"error","spans":[{"file_name":"cli/svc/src/main.rs","byte_start":8134,"byte_end":8143,"line_start":281,"line_end":281,"column_start":22,"column_end":31,"is_primary":true,"text":[{"text":"                    (\"Service\", \"ExecStop\") => {","highlight_start":22,"highlight_end":31}],"label":"expected `String`, found `&str`","suggested_replacement":null,"suggestion_applicability":null,"expansion":null},{"file_name":"cli/svc/src/main.rs","byte_start":7847,"byte_end":7869,"line_start":276,"line_end":276,"column_start":23,"column_end":45,"is_primary":false,"text":[{"text":"                match (current_section, key) {","highlight_start":23,"highlight_end":45}],"label":"this expression has type `(std::string::String, &str)`","suggested_replacement":null,"suggestion_applicability":null,"expansion":null}],"children":[],"rendered":"\u001b[1m\u001b[91merror[E0308]\u001b[0m\u001b[1m: mismatched types\u001b[0m\n   \u001b[1m\u001b[94m--> \u001b[0mcli/svc/src/main.rs:281:22\n    \u001b[1m\u001b[94m|\u001b[0m\n\u001b[1m\u001b[94m276\u001b[0m \u001b[1m\u001b[94m|\u001b[0m                 match (current_section, key) {\n    \u001b[1m\u001b[94m|\u001b[0m                       \u001b[1m\u001b[94m----------------------\u001b[0m \u001b[1m\u001b[94mthis expression has type `(std::string::String, &str)`\u001b[0m\n\u001b[1m\u001b[94m...\u001b[0m\n\u001b[1m\u001b[94m281\u001b[0m \u001b[1m\u001b[94m|\u001b[0m                     (\"Service\", \"ExecStop\") => {\n    \u001b[1m\u001b[94m|\u001b[0m                      \u001b[1m\u001b[91m^^^^^^^^^\u001b[0m \u001b[1m\u001b[91mexpected `String`, found `&str`\u001b[0m\n\n"}
{"$message_type":"diagnostic","message":"mismatched types","code":{"code":"E0308","explanation":"Expected type did not match the received type.\n\nErroneous code examples:\n\n```compile_fail,E0308\nfn plus_one(x: i32) -> i32 {\n    x + 1\n}\n\nplus_one(\"Not a number\");\n//       ^^^^^^^^^^^^^^ expected `i32`, found `&str`\n\nif \"Not a bool\" {\n// ^^^^^^^^^^^^ expected `bool`, found `&str`\n}\n\nlet x: f32 = \"Not a float\";\n//     ---   ^^^^^^^^^^^^^ expected `f32`, found `&str`\n//     |\n//     expected due to this\n```\n\nThis error occurs when an expression was used in a place where the compiler\nexpected an expression of a different type. It can occur in several cases, the\nmost common being when calling a function and passing an argument which has a\ndifferent type than the matching type in the function declaration.\n"},"level":"error","spans":[{"file_name":"cli/svc/src/main.rs","byte_start":8297,"byte_end":8306,"line_start":284,"line_end":284,"column_start":22,"column_end":31,"is_primary":true,"text":[{"text":"                    (\"Service\", \"WorkingDirectory\") => working_dir = Some(value.to_string()),","highlight_start":22,"highlight_end":31}],"label":"expected `String`, found `&str`","suggested_replacement":null,"suggestion_applicability":null,"expansion":null},{"file_name":"cli/svc/src/main.rs","byte_start":7847,"byte_end":7869,"line_start":276,"line_end":276,"column_start":23,"column_end":45,"is_primary":false,"text":[{"text":"                match (current_section, key) {","highlight_start":23,"highlight_end":45}],"label":"this expression has type `(std::string::String, &str)`","suggested_replacement":null,"suggestion_applicability":null,"expansion":null}],"children":[],"rendered":"\u001b[1m\u001b[91merror[E0308]\u001b[0m\u001b[1m: mismatched types\u001b[0m\n   \u001b[1m\u001b[94m--> \u001b[0mcli/svc/src/main.rs:284:22\n    \u001b[1m\u001b[94m|\u001b[0m\n\u001b[1m\u001b[94m276\u001b[0m \u001b[1m\u001b[94m|\u001b[0m                 match (current_section, key) {\n    \u001b[1m\u001b[94m|\u001b[0m                       \u001b[1m\u001b[94m----------------------\u001b[0m \u001b[1m\u001b[94mthis expression has type `(std::string::String, &str)`\u001b[0m\n\u001b[1m\u001b[94m...\u001b[0m\n\u001b[1m\u001b[94m284\u001b[0m \u001b[1m\u001b[94m|\u001b[0m                     (\"Service\", \"WorkingDirectory\") => working_dir = Some(value.to_string()),\n    \u001b[1m\u001b[94m|\u001b[0m                      \u001b[1m\u001b[91m^^^^^^^^^\u001b[0m \u001b[1m\u001b[91mexpected `String`, found `&str`\u001b[0m\n\n"}
{"$message_type":"diagnostic","message":"mismatched types","code":{"code":"E0308","explanation":"Expected type did not match the received type.\n\nErroneous code examples:\n\n```compile_fail,E0308\nfn plus_one(x: i32) -> i32 {\n    x + 1\n}\n\nplus_one(\"Not a number\");\n//       ^^^^^^^^^^^^^^ expected `i32`, found `&str`\n\nif \"Not a bool\" {\n// ^^^^^^^^^^^^ expected `bool`, found `&str`\n}\n\nlet x: f32 = \"Not a float\";\n//     ---   ^^^^^^^^^^^^^ expected `f32`, found `&str`\n//     |\n//     expected due to this\n```\n\nThis error occurs when an expression was used in a place where the compiler\nexpected an expression of a different type. It can occur in several cases, the\nmost common being when calling a function and passing an argument which has a\ndifferent type than the matching type in the function declaration.\n"},"level":"error","spans":[{"file_name":"cli/svc/src/main.rs","byte_start":8392,"byte_end":8401,"line_start":285,"line_end":285,"column_start":22,"column_end":31,"is_primary":true,"text":[{"text":"                    (\"Service\", \"User\") => user = Some(value.to_string()),","highlight_start":22,"highlight_end":31}],"label":"expected `String`, found `&str`","suggested_replacement":null,"suggestion_applicability":null,"expansion":null},{"file_name":"cli/svc/src/main.rs","byte_start":7847,"byte_end":7869,"line_start":276,"line_end":276,"column_start":23,"column_end":45,"is_primary":false,"text":[{"text":"                match (current_section, key) {","highlight_start":23,"highlight_end":45}],"label":"this expression has type `(std::string::String, &str)`","suggested_replacement":null,"suggestion_applicability":null,"expansion":null}],"children":[],"rendered":"\u001b[1m\u001b[91merror[E0308]\u001b[0m\u001b[1m: mismatched types\u001b[0m\n   \u001b[1m\u001b[94m--> \u001b[0mcli/svc/src/main.rs:285:22\n    \u001b[1m\u001b[94m|\u001b[0m\n\u001b[1m\u001b[94m276\u001b[0m \u001b[1m\u001b[94m|\u001b[0m                 match (current_section, key) {\n    \u001b[1m\u001b[94m|\u001b[0m                       \u001b[1m\u001b[94m----------------------\u001b[0m \u001b[1m\u001b[94mthis expression has type `(std::string::String, &str)`\u001b[0m\n\u001b[1m\u001b[94m...\u001b[0m\n\u001b[1m\u001b[94m285\u001b[0m \u001b[1m\u001b[94m|\u001b[0m                     (\"Service\", \"User\") => user = Some(value.to_string()),\n    \u001b[1m\u001b[94m|\u001b[0m                      \u001b[1m\u001b[91m^^^^^^^^^\u001b[0m \u001b[1m\u001b[91mexpected `String`, found `&str`\u001b[0m\n\n"}
{"$message_type":"diagnostic","message":"mismatched types","code":{"code":"E0308","explanation":"Expected type did not match the received type.\n\nErroneous code examples:\n\n```compile_fail,E0308\nfn plus_one(x: i32) -> i32 {\n    x + 1\n}\n\nplus_one(\"Not a number\");\n//       ^^^^^^^^^^^^^^ expected `i32`, found `&str`\n\nif \"Not a bool\" {\n// ^^^^^^^^^^^^ expected `bool`, found `&str`\n}\n\nlet x: f32 = \"Not a float\";\n//     ---   ^^^^^^^^^^^^^ expected `f32`, found `&str`\n//     |\n//     expected due to this\n```\n\nThis error occurs when an expression was used in a place where the compiler\nexpected an expression of a different type. It can occur in several cases, the\nmost common being when calling a function and passing an argument which has a\ndifferent type than the matching type in the function declaration.\n"},"level":"error","spans":[{"file_name":"cli/svc/src/main.rs","byte_start":8468,"byte_end":8477,"line_start":286,"line_end":286,"column_start":22,"column_end":31,"is_primary":true,"text":[{"text":"                    (\"Service\", \"Group\") => group = Some(value.to_string()),","highlight_start":22,"highlight_end":31}],"label":"expected `String`, found `&str`","suggested_replacement":null,"suggestion_applicability":null,"expansion":null},{"file_name":"cli/svc/src/main.rs","byte_start":7847,"byte_end":7869,"line_start":276,"line_end":276,"column_start":23,"column_end":45,"is_primary":false,"text":[{"text":"                match (current_section, key) {","highlight_start":23,"highlight_end":45}],"label":"this expression has type `(std::string::String, &str)`","suggested_replacement":null,"suggestion_applicability":null,"expansion":null}],"children":[],"rendered":"\u001b[1m\u001b[91merror[E0308]\u001b[0m\u001b[1m: mismatched types\u001b[0m\n   \u001b[1m\u001b[94m--> \u001b[0mcli/svc/src/main.rs:286:22\n    \u001b[1m\u001b[94m|\u001b[0m\n\u001b[1m\u001b[94m276\u001b[0m \u001b[1m\u001b[94m|\u001b[0m                 match (current_section, key) {\n    \u001b[1m\u001b[94m|\u001b[0m                       \u001b[1m\u001b[94m----------------------\u001b[0m \u001b[1m\u001b[94mthis expression has type `(std::string::String, &str)`\u001b[0m\n\u001b[1m\u001b[94m...\u001b[0m\n\u001b[1m\u001b[94m286\u001b[0m \u001b[1m\u001b[94m|\u001b[0m                     (\"Service\", \"Group\") => group = Some(value.to_string()),\n    \u001b[1m\u001b[94m|\u001b[0m                      \u001b[1m\u001b[91m^^^^^^^^^\u001b[0m \u001b[1m\u001b[91mexpected `String`, found `&str`\u001b[0m\n\n"}
{"$message_type":"diagnostic","message":"mismatched types","code":{"code":"E0308","explanation":"Expected type did not match the received type.\n\nErroneous code examples:\n\n```compile_fail,E0308\nfn plus_one(x: i32) -> i32 {\n    x + 1\n}\n\nplus_one(\"Not a number\");\n//       ^^^^^^^^^^^^^^ expected `i32`, found `&str`\n\nif \"Not a bool\" {\n// ^^^^^^^^^^^^ expected `bool`, found `&str`\n}\n\nlet x: f32 = \"Not a float\";\n//     ---   ^^^^^^^^^^^^^ expected `f32`, found `&str`\n//     |\n//     expected due to this\n```\n\nThis error occurs when an expression was used in a place where the compiler\nexpected an expression of a different type. It can occur in several cases, the\nmost common being when calling a function and passing an argument which has a\ndifferent type than the matching type in the function declaration.\n"},"level":"error","spans":[{"file_name":"cli/svc/src/main.rs","byte_start":8546,"byte_end":8555,"line_start":287,"line_end":287,"column_start":22,"column_end":31,"is_primary":true,"text":[{"text":"                    (\"Service\", \"Restart\") => {","highlight_start":22,"highlight_end":31}],"label":"expected `String`, found `&str`","suggested_replacement":null,"suggestion_applicability":null,"expansion":null},{"file_name":"cli/svc/src/main.rs","byte_start":7847,"byte_end":7869,"line_start":276,"line_end":276,"column_start":23,"column_end":45,"is_primary":false,"text":[{"text":"                match (current_section, key) {","highlight_start":23,"highlight_end":45}],"label":"this expression has type `(std::string::String, &str)`","suggested_replacement":null,"suggestion_applicability":null,"expansion":null}],"children":[],"rendered":"\u001b[1m\u001b[91merror[E0308]\u001b[0m\u001b[1m: mismatched types\u001b[0m\n   \u001b[1m\u001b[94m--> \u001b[0mcli/svc/src/main.rs:287:22\n    \u001b[1m\u001b[94m|\u001b[0m\n\u001b[1m\u001b[94m276\u001b[0m \u001b[1m\u001b[94m|\u001b[0m                 match (current_section, key) {\n    \u001b[1m\u001b[94m|\u001b[0m                       \u001b[1m\u001b[94m----------------------\u001b[0m \u001b[1m\u001b[94mthis expression has type `(std::string::String, &str)`\u001b[0m\n\u001b[1m\u001b[94m...\u001b[0m\n\u001b[1m\u001b[94m287\u001b[0m \u001b[1m\u001b[94m|\u001b[0m                     (\"Service\", \"Restart\") => {\n    \u001b[1m\u001b[94m|\u001b[0m                      \u001b[1m\u001b[91m^^^^^^^^^\u001b[0m \u001b[1m\u001b[91mexpected `String`, found `&str`\u001b[0m\n\n"}
{"$message_type":"diagnostic","message":"mismatched types","code":{"code":"E0308","explanation":"Expected type did not match the received type.\n\nErroneous code examples:\n\n```compile_fail,E0308\nfn plus_one(x: i32) -> i32 {\n    x + 1\n}\n\nplus_one(\"Not a number\");\n//       ^^^^^^^^^^^^^^ expected `i32`, found `&str`\n\nif \"Not a bool\" {\n// ^^^^^^^^^^^^ expected `bool`, found `&str`\n}\n\nlet x: f32 = \"Not a float\";\n//     ---   ^^^^^^^^^^^^^ expected `f32`, found `&str`\n//     |\n//     expected due to this\n```\n\nThis error occurs when an expression was used in a place where the compiler\nexpected an expression of a different type. It can occur in several cases, the\nmost common being when calling a function and passing an argument which has a\ndifferent type than the matching type in the function declaration.\n"},"level":"error","spans":[{"file_name":"cli/svc/src/main.rs","byte_start":8738,"byte_end":8747,"line_start":290,"line_end":290,"column_start":22,"column_end":31,"is_primary":true,"text":[{"text":"                    (\"Install\", \"WantedBy\") => {","highlight_start":22,"highlight_end":31}],"label":"expected `String`, found `&str`","suggested_replacement":null,"suggestion_applicability":null,"expansion":null},{"file_name":"cli/svc/src/main.rs","byte_start":7847,"byte_end":7869,"line_start":276,"line_end":276,"column_start":23,"column_end":45,"is_primary":false,"text":[{"text":"                match (current_section, key) {","highlight_start":23,"highlight_end":45}],"label":"this expression has type `(std::string::String, &str)`","suggested_replacement":null,"suggestion_applicability":null,"expansion":null}],"children":[],"rendered":"\u001b[1m\u001b[91merror[E0308]\u001b[0m\u001b[1m: mismatched types\u001b[0m\n   \u001b[1m\u001b[94m--> \u001b[0mcli/svc/src/main.rs:290:22\n    \u001b[1m\u001b[94m|\u001b[0m\n\u001b[1m\u001b[94m276\u001b[0m \u001b[1m\u001b[94m|\u001b[0m                 match (current_section, key) {\n    \u001b[1m\u001b[94m|\u001b[0m                       \u001b[1m\u001b[94m----------------------\u001b[0m \u001b[1m\u001b[94mthis expression has type `(std::string::String, &str)`\u001b[0m\n\u001b[1m\u001b[94m...\u001b[0m\n\u001b[1m\u001b[94m290\u001b[0m \u001b[1m\u001b[94m|\u001b[0m                     (\"Install\", \"WantedBy\") => {\n    \u001b[1m\u001b[94m|\u001b[0m                      \u001b[1m\u001b[91m^^^^^^^^^\u001b[0m \u001b[1m\u001b[91mexpected `String`, found `&str`\u001b[0m\n\n"}
{"$message_type":"diagnostic","message":"mismatched types","code":{"code":"E0308","explanation":"Expected type did not match the received type.\n\nErroneous code examples:\n\n```compile_fail,E0308\nfn plus_one(x: i32) -> i32 {\n    x + 1\n}\n\nplus_one(\"Not a number\");\n//       ^^^^^^^^^^^^^^ expected `i32`, found `&str`\n\nif \"Not a bool\" {\n// ^^^^^^^^^^^^ expected `bool`, found `&str`\n}\n\nlet x: f32 = \"Not a float\";\n//     ---   ^^^^^^^^^^^^^ expected `f32`, found `&str`\n//     |\n//     expected due to this\n```\n\nThis error occurs when an expression was used in a place where the compiler\nexpected an expression of a different type. It can occur in several cases, the\nmost common being when calling a function and passing an argument which has a\ndifferent type than the matching type in the function declaration.\n"},"level":"error","spans":[{"file_name":"cli/svc/src/main.rs","byte_start":8855,"byte_end":8861,"line_start":293,"line_end":293,"column_start":22,"column_end":28,"is_primary":true,"text":[{"text":"                    (\"Unit\", \"After\") => {","highlight_start":22,"highlight_end":28}],"label":"expected `String`, found `&str`","suggested_replacement":null,"suggestion_applicability":null,"expansion":null},{"file_name":"cli/svc/src/main.rs","byte_start":7847,"byte_end":7869,"line_start":276,"line_end":276,"column_start":23,"column_end":45,"is_primary":false,"text":[{"text":"                match (current_section, key) {","highlight_start":23,"highlight_end":45}],"label":"this expression has type `(std::string::String, &str)`","suggested_replacement":null,"suggestion_applicability":null,"expansion":null}],"children":[],"rendered":"\u001b[1m\u001b[91merror[E0308]\u001b[0m\u001b[1m: mismatched types\u001b[0m\n   \u001b[1m\u001b[94m--> \u001b[0mcli/svc/src/main.rs:293:22\n    \u001b[1m\u001b[94m|\u001b[0m\n\u001b[1m\u001b[94m276\u001b[0m \u001b[1m\u001b[94m|\u001b[0m                 match (current_section, key) {\n    \u001b[1m\u001b[94m|\u001b[0m                       \u001b[1m\u001b[94m----------------------\u001b[0m \u001b[1m\u001b[94mthis expression has type `(std::string::String, &str)`\u001b[0m\n\u001b[1m\u001b[94m...\u001b[0m\n\u001b[1m\u001b[94m293\u001b[0m \u001b[1m\u001b[94m|\u001b[0m                     (\"Unit\", \"After\") => {\n    \u001b[1m\u001b[94m|\u001b[0m                      \u001b[1m\u001b[91m^^^^^^\u001b[0m \u001b[1m\u001b[91mexpected `String`, found `&str`\u001b[0m\n\n"}
{"$message_type":"diagnostic","message":"aborting due to 9 previous errors; 2 warnings emitted","code":null,"level":"error","spans":[],"children":[],"rendered":"\u001b[1m\u001b[91merror\u001b[0m\u001b[1m: aborting due to 9 previous errors; 2 warnings emitted\u001b[0m\n\n"}
{"$message_type":"diagnostic","message":"For more information about this error, try `rustc --explain E0308`.","code":null,"level":"failure-note","spans":[],"children":[],"rendered":"\u001b[1mFor more information about this error, try `rustc --explain E0308`.\u001b[0m\n"}
