{"$message_type":"diagnostic","message":"expected one of `!`, `.`, `::`, `;`, `?`, `{`, `}`, or an operator, found `anyhow`","code":null,"level":"error","spans":[{"file_name":"cli/login/src/main.rs","byte_start":6052,"byte_end":6058,"line_start":216,"line_end":216,"column_start":9,"column_end":15,"is_primary":true,"text":[{"text":"    Err anyhow::anyhow!(\"execvp failed for shell: {}\", shell)","highlight_start":9,"highlight_end":15}],"label":"expected one of 8 possible tokens","suggested_replacement":null,"suggestion_applicability":null,"expansion":null}],"children":[],"rendered":"\u001b[1m\u001b[91merror\u001b[0m\u001b[1m: expected one of `!`, `.`, `::`, `;`, `?`, `{`, `}`, or an operator, found `anyhow`\u001b[0m\n   \u001b[1m\u001b[94m--> \u001b[0mcli/login/src/main.rs:216:9\n    \u001b[1m\u001b[94m|\u001b[0m\n\u001b[1m\u001b[94m216\u001b[0m \u001b[1m\u001b[94m|\u001b[0m     Err anyhow::anyhow!(\"execvp failed for shell: {}\", shell)\n    \u001b[1m\u001b[94m|\u001b[0m         \u001b[1m\u001b[91m^^^^^^\u001b[0m \u001b[1m\u001b[91mexpected one of 8 possible tokens\u001b[0m\n\n"}
{"$message_type":"diagnostic","message":"unused imports: `get_home_dir` and `switch_user`","code":{"code":"unused_imports","explanation":null},"level":"warning","spans":[{"file_name":"cli/login/src/main.rs","byte_start":369,"byte_end":381,"line_start":13,"line_end":13,"column_start":33,"column_end":45,"is_primary":true,"text":[{"text":"use rutils::{authenticate_user, get_home_dir, switch_user};","highlight_start":33,"highlight_end":45}],"label":null,"suggested_replacement":null,"suggestion_applicability":null,"expansion":null},{"file_name":"cli/login/src/main.rs","byte_start":383,"byte_end":394,"line_start":13,"line_end":13,"column_start":47,"column_end":58,"is_primary":true,"text":[{"text":"use rutils::{authenticate_user, get_home_dir, switch_user};","highlight_start":47,"highlight_end":58}],"label":null,"suggested_replacement":null,"suggestion_applicability":null,"expansion":null}],"children":[{"message":"`#[warn(unused_imports)]` (part of `#[warn(unused)]`) on by default","code":null,"level":"note","spans":[],"children":[],"rendered":null},{"message":"remove the unused imports","code":null,"level":"help","spans":[{"file_name":"cli/login/src/main.rs","byte_start":367,"byte_end":394,"line_start":13,"line_end":13,"column_start":31,"column_end":58,"is_primary":true,"text":[{"text":"use rutils::{authenticate_user, get_home_dir, switch_user};","highlight_start":31,"highlight_end":58}],"label":null,"suggested_replacement":"","suggestion_applicability":"MachineApplicable","expansion":null},{"file_name":"cli/login/src/main.rs","byte_start":349,"byte_end":350,"line_start":13,"line_end":13,"column_start":13,"column_end":14,"is_primary":true,"text":[{"text":"use rutils::{authenticate_user, get_home_dir, switch_user};","highlight_start":13,"highlight_end":14}],"label":null,"suggested_replacement":"","suggestion_applicability":"MachineApplicable","expansion":null},{"file_name":"cli/login/src/main.rs","byte_start":394,"byte_end":395,"line_start":13,"line_end":13,"column_start":58,"column_end":59,"is_primary":true,"text":[{"text":"use rutils::{authenticate_user, get_home_dir, switch_user};","highlight_start":58,"highlight_end":59}],"label":null,"suggested_replacement":"","suggestion_applicability":"MachineApplicable","expansion":null}],"children":[],"rendered":null}],"rendered":"\u001b[1m\u001b[33mwarning\u001b[0m\u001b[1m: unused imports: `get_home_dir` and `switch_user`\u001b[0m\n  \u001b[1m\u001b[94m--> \u001b[0mcli/login/src/main.rs:13:33\n   \u001b[1m\u001b[94m|\u001b[0m\n\u001b[1m\u001b[94m13\u001b[0m \u001b[1m\u001b[94m|\u001b[0m use rutils::{authenticate_user, get_home_dir, switch_user};\n   \u001b[1m\u001b[94m|\u001b[0m                                 \u001b[1m\u001b[33m^^^^^^^^^^^^\u001b[0m  \u001b[1m\u001b[33m^^^^^^^^^^^\u001b[0m\n   \u001b[1m\u001b[94m|\u001b[0m\n   \u001b[1m\u001b[94m= \u001b[0m\u001b[1mnote\u001b[0m: `#[warn(unused_imports)]` (part of `#[warn(unused)]`) on by default\n\n"}
{"$message_type":"diagnostic","message":"unused import: `Read`","code":{"code":"unused_imports","explanation":null},"level":"warning","spans":[{"file_name":"cli/login/src/main.rs","byte_start":469,"byte_end":473,"line_start":16,"line_end":16,"column_start":21,"column_end":25,"is_primary":true,"text":[{"text":"use std::io::{self, Read, Write};","highlight_start":21,"highlight_end":25}],"label":null,"suggested_replacement":null,"suggestion_applicability":null,"expansion":null}],"children":[{"message":"remove the unused import","code":null,"level":"help","spans":[{"file_name":"cli/login/src/main.rs","byte_start":467,"byte_end":473,"line_start":16,"line_end":16,"column_start":19,"column_end":25,"is_primary":true,"text":[{"text":"use std::io::{self, Read, Write};","highlight_start":19,"highlight_end":25}],"label":null,"suggested_replacement":"","suggestion_applicability":"MachineApplicable","expansion":null}],"children":[],"rendered":null}],"rendered":"\u001b[1m\u001b[33mwarning\u001b[0m\u001b[1m: unused import: `Read`\u001b[0m\n  \u001b[1m\u001b[94m--> \u001b[0mcli/login/src/main.rs:16:21\n   \u001b[1m\u001b[94m|\u001b[0m\n\u001b[1m\u001b[94m16\u001b[0m \u001b[1m\u001b[94m|\u001b[0m use std::io::{self, Read, Write};\n   \u001b[1m\u001b[94m|\u001b[0m                     \u001b[1m\u001b[33m^^^^\u001b[0m\n\n"}
{"$message_type":"diagnostic","message":"unused import: `std::ffi::OsString`","code":{"code":"unused_imports","explanation":null},"level":"warning","spans":[{"file_name":"cli/login/src/main.rs","byte_start":5376,"byte_end":5394,"line_start":191,"line_end":191,"column_start":9,"column_end":27,"is_primary":true,"text":[{"text":"    use std::ffi::OsString;","highlight_start":9,"highlight_end":27}],"label":null,"suggested_replacement":null,"suggestion_applicability":null,"expansion":null}],"children":[{"message":"remove the whole `use` item","code":null,"level":"help","spans":[{"file_name":"cli/login/src/main.rs","byte_start":5372,"byte_end":5395,"line_start":191,"line_end":191,"column_start":5,"column_end":28,"is_primary":true,"text":[{"text":"    use std::ffi::OsString;","highlight_start":5,"highlight_end":28}],"label":null,"suggested_replacement":"","suggestion_applicability":"MachineApplicable","expansion":null}],"children":[],"rendered":null}],"rendered":"\u001b[1m\u001b[33mwarning\u001b[0m\u001b[1m: unused import: `std::ffi::OsString`\u001b[0m\n   \u001b[1m\u001b[94m--> \u001b[0mcli/login/src/main.rs:191:9\n    \u001b[1m\u001b[94m|\u001b[0m\n\u001b[1m\u001b[94m191\u001b[0m \u001b[1m\u001b[94m|\u001b[0m     use std::ffi::OsString;\n    \u001b[1m\u001b[94m|\u001b[0m         \u001b[1m\u001b[33m^^^^^^^^^^^^^^^^^^\u001b[0m\n\n"}
{"$message_type":"diagnostic","message":"unused import: `std::os::unix::io::AsRawFd`","code":{"code":"unused_imports","explanation":null},"level":"warning","spans":[{"file_name":"cli/login/src/main.rs","byte_start":6277,"byte_end":6303,"line_start":225,"line_end":225,"column_start":13,"column_end":39,"is_primary":true,"text":[{"text":"        use std::os::unix::io::AsRawFd;","highlight_start":13,"highlight_end":39}],"label":null,"suggested_replacement":null,"suggestion_applicability":null,"expansion":null}],"children":[{"message":"remove the whole `use` item","code":null,"level":"help","spans":[{"file_name":"cli/login/src/main.rs","byte_start":6273,"byte_end":6304,"line_start":225,"line_end":225,"column_start":9,"column_end":40,"is_primary":true,"text":[{"text":"        use std::os::unix::io::AsRawFd;","highlight_start":9,"highlight_end":40}],"label":null,"suggested_replacement":"","suggestion_applicability":"MachineApplicable","expansion":null}],"children":[],"rendered":null}],"rendered":"\u001b[1m\u001b[33mwarning\u001b[0m\u001b[1m: unused import: `std::os::unix::io::AsRawFd`\u001b[0m\n   \u001b[1m\u001b[94m--> \u001b[0mcli/login/src/main.rs:225:13\n    \u001b[1m\u001b[94m|\u001b[0m\n\u001b[1m\u001b[94m225\u001b[0m \u001b[1m\u001b[94m|\u001b[0m         use std::os::unix::io::AsRawFd;\n    \u001b[1m\u001b[94m|\u001b[0m             \u001b[1m\u001b[33m^^^^^^^^^^^^^^^^^^^^^^^^^^\u001b[0m\n\n"}
{"$message_type":"diagnostic","message":"the trait bound `i32: AsFd` is not satisfied","code":{"code":"E0277","explanation":"You tried to use a type which doesn't implement some trait in a place which\nexpected that trait.\n\nErroneous code example:\n\n```compile_fail,E0277\n// here we declare the Foo trait with a bar method\ntrait Foo {\n    fn bar(&self);\n}\n\n// we now declare a function which takes an object implementing the Foo trait\nfn some_func<T: Foo>(foo: T) {\n    foo.bar();\n}\n\nfn main() {\n    // we now call the method with the i32 type, which doesn't implement\n    // the Foo trait\n    some_func(5i32); // error: the trait bound `i32 : Foo` is not satisfied\n}\n```\n\nIn order to fix this error, verify that the type you're using does implement\nthe trait. Example:\n\n```\ntrait Foo {\n    fn bar(&self);\n}\n\n// we implement the trait on the i32 type\nimpl Foo for i32 {\n    fn bar(&self) {}\n}\n\nfn some_func<T: Foo>(foo: T) {\n    foo.bar(); // we can now use this method since i32 implements the\n               // Foo trait\n}\n\nfn main() {\n    some_func(5i32); // ok!\n}\n```\n\nOr in a generic context, an erroneous code example would look like:\n\n```compile_fail,E0277\nfn some_func<T>(foo: T) {\n    println!(\"{:?}\", foo); // error: the trait `core::fmt::Debug` is not\n                           //        implemented for the type `T`\n}\n\nfn main() {\n    // We now call the method with the i32 type,\n    // which *does* implement the Debug trait.\n    some_func(5i32);\n}\n```\n\nNote that the error here is in the definition of the generic function. Although\nwe only call it with a parameter that does implement `Debug`, the compiler\nstill rejects the function. It must work with all possible input types. In\norder to make this example compile, we need to restrict the generic type we're\naccepting:\n\n```\nuse std::fmt;\n\n// Restrict the input type to types that implement Debug.\nfn some_func<T: fmt::Debug>(foo: T) {\n    println!(\"{:?}\", foo);\n}\n\nfn main() {\n    // Calling the method is still fine, as i32 implements Debug.\n    some_func(5i32);\n\n    // This would fail to compile now:\n    // struct WithoutDebug;\n    // some_func(WithoutDebug);\n}\n```\n\nRust only looks at the signature of the called function, as such it must\nalready specify all requirements that will be used for every type parameter.\n"},"level":"error","spans":[{"file_name":"cli/login/src/main.rs","byte_start":3204,"byte_end":3206,"line_start":115,"line_end":115,"column_start":33,"column_end":35,"is_primary":true,"text":[{"text":"    let mut termios = tcgetattr(fd)?;","highlight_start":33,"highlight_end":35}],"label":"the trait `AsFd` is not implemented for `i32`","suggested_replacement":null,"suggestion_applicability":null,"expansion":null},{"file_name":"cli/login/src/main.rs","byte_start":3194,"byte_end":3203,"line_start":115,"line_end":115,"column_start":23,"column_end":32,"is_primary":false,"text":[{"text":"    let mut termios = tcgetattr(fd)?;","highlight_start":23,"highlight_end":32}],"label":"required by a bound introduced by this call","suggested_replacement":null,"suggestion_applicability":null,"expansion":null}],"children":[{"message":"the following other types implement trait `AsFd`:\n  &T\n  &mut T\n  Arc<T>\n  BorrowedFd<'_>\n  Box<T>\n  ChildStderr\n  ChildStdin\n  ChildStdout\nand 23 others","code":null,"level":"help","spans":[],"children":[],"rendered":null},{"message":"required by a bound in `nix::sys::termios::tcgetattr`","code":null,"level":"note","spans":[{"file_name":"/root/.cargo/registry/src/index.crates.io-1949cf8c6b5b557f/nix-0.27.1/src/sys/termios.rs","byte_start":42804,"byte_end":42808,"line_start":1159,"line_end":1159,"column_start":22,"column_end":26,"is_primary":true,"text":[{"text":"pub fn tcgetattr<Fd: AsFd>(fd: Fd) -> Result<Termios> {","highlight_start":22,"highlight_end":26}],"label":"required by this bound in `tcgetattr`","suggested_replacement":null,"suggestion_applicability":null,"expansion":null}],"children":[],"rendered":null}],"rendered":"\u001b[1m\u001b[91merror[E0277]\u001b[0m\u001b[1m: the trait bound `i32: AsFd` is not satisfied\u001b[0m\n    \u001b[1m\u001b[94m--> \u001b[0mcli/login/src/main.rs:115:33\n     \u001b[1m\u001b[94m|\u001b[0m\n\u001b[1m\u001b[94m 115\u001b[0m \u001b[1m\u001b[94m|\u001b[0m     let mut termios = tcgetattr(fd)?;\n     \u001b[1m\u001b[94m|\u001b[0m                       \u001b[1m\u001b[94m---------\u001b[0m \u001b[1m\u001b[91m^^\u001b[0m \u001b[1m\u001b[91mthe trait `AsFd` is not implemented for `i32`\u001b[0m\n     \u001b[1m\u001b[94m|\u001b[0m                       \u001b[1m\u001b[94m|\u001b[0m\n     \u001b[1m\u001b[94m|\u001b[0m                       \u001b[1m\u001b[94mrequired by a bound introduced by this call\u001b[0m\n     \u001b[1m\u001b[94m|\u001b[0m\n     \u001b[1m\u001b[94m= \u001b[0m\u001b[1mhelp\u001b[0m: the following other types implement trait `AsFd`:\n               &T\n               &mut T\n               Arc<T>\n               BorrowedFd<'_>\n               Box<T>\n               ChildStderr\n               ChildStdin\n               ChildStdout\n             and 23 others\n\u001b[1m\u001b[92mnote\u001b[0m: required by a bound in `nix::sys::termios::tcgetattr`\n    \u001b[1m\u001b[94m--> \u001b[0m/root/.cargo/registry/src/index.crates.io-1949cf8c6b5b557f/nix-0.27.1/src/sys/termios.rs:1159:22\n     \u001b[1m\u001b[94m|\u001b[0m\n\u001b[1m\u001b[94m1159\u001b[0m \u001b[1m\u001b[94m|\u001b[0m pub fn tcgetattr<Fd: AsFd>(fd: Fd) -> Result<Termios> {\n     \u001b[1m\u001b[94m|\u001b[0m                      \u001b[1m\u001b[92m^^^^\u001b[0m \u001b[1m\u001b[92mrequired by this bound in `tcgetattr`\u001b[0m\n\n"}
{"$message_type":"diagnostic","message":"the trait bound `i32: AsFd` is not satisfied","code":{"code":"E0277","explanation":"You tried to use a type which doesn't implement some trait in a place which\nexpected that trait.\n\nErroneous code example:\n\n```compile_fail,E0277\n// here we declare the Foo trait with a bar method\ntrait Foo {\n    fn bar(&self);\n}\n\n// we now declare a function which takes an object implementing the Foo trait\nfn some_func<T: Foo>(foo: T) {\n    foo.bar();\n}\n\nfn main() {\n    // we now call the method with the i32 type, which doesn't implement\n    // the Foo trait\n    some_func(5i32); // error: the trait bound `i32 : Foo` is not satisfied\n}\n```\n\nIn order to fix this error, verify that the type you're using does implement\nthe trait. Example:\n\n```\ntrait Foo {\n    fn bar(&self);\n}\n\n// we implement the trait on the i32 type\nimpl Foo for i32 {\n    fn bar(&self) {}\n}\n\nfn some_func<T: Foo>(foo: T) {\n    foo.bar(); // we can now use this method since i32 implements the\n               // Foo trait\n}\n\nfn main() {\n    some_func(5i32); // ok!\n}\n```\n\nOr in a generic context, an erroneous code example would look like:\n\n```compile_fail,E0277\nfn some_func<T>(foo: T) {\n    println!(\"{:?}\", foo); // error: the trait `core::fmt::Debug` is not\n                           //        implemented for the type `T`\n}\n\nfn main() {\n    // We now call the method with the i32 type,\n    // which *does* implement the Debug trait.\n    some_func(5i32);\n}\n```\n\nNote that the error here is in the definition of the generic function. Although\nwe only call it with a parameter that does implement `Debug`, the compiler\nstill rejects the function. It must work with all possible input types. In\norder to make this example compile, we need to restrict the generic type we're\naccepting:\n\n```\nuse std::fmt;\n\n// Restrict the input type to types that implement Debug.\nfn some_func<T: fmt::Debug>(foo: T) {\n    println!(\"{:?}\", foo);\n}\n\nfn main() {\n    // Calling the method is still fine, as i32 implements Debug.\n    some_func(5i32);\n\n    // This would fail to compile now:\n    // struct WithoutDebug;\n    // some_func(WithoutDebug);\n}\n```\n\nRust only looks at the signature of the called function, as such it must\nalready specify all requirements that will be used for every type parameter.\n"},"level":"error","spans":[{"file_name":"cli/login/src/main.rs","byte_start":3369,"byte_end":3371,"line_start":122,"line_end":122,"column_start":15,"column_end":17,"is_primary":true,"text":[{"text":"    tcsetattr(fd, SetArg::TCSANOW, &termios)?;","highlight_start":15,"highlight_end":17}],"label":"the trait `AsFd` is not implemented for `i32`","suggested_replacement":null,"suggestion_applicability":null,"expansion":null},{"file_name":"cli/login/src/main.rs","byte_start":3359,"byte_end":3368,"line_start":122,"line_end":122,"column_start":5,"column_end":14,"is_primary":false,"text":[{"text":"    tcsetattr(fd, SetArg::TCSANOW, &termios)?;","highlight_start":5,"highlight_end":14}],"label":"required by a bound introduced by this call","suggested_replacement":null,"suggestion_applicability":null,"expansion":null}],"children":[{"message":"the following other types implement trait `AsFd`:\n  &T\n  &mut T\n  Arc<T>\n  BorrowedFd<'_>\n  Box<T>\n  ChildStderr\n  ChildStdin\n  ChildStdout\nand 23 others","code":null,"level":"help","spans":[],"children":[],"rendered":null},{"message":"required by a bound in `nix::sys::termios::tcsetattr`","code":null,"level":"note","spans":[{"file_name":"/root/.cargo/registry/src/index.crates.io-1949cf8c6b5b557f/nix-0.27.1/src/sys/termios.rs","byte_start":43519,"byte_end":43523,"line_start":1177,"line_end":1177,"column_start":22,"column_end":26,"is_primary":true,"text":[{"text":"pub fn tcsetattr<Fd: AsFd>(","highlight_start":22,"highlight_end":26}],"label":"required by this bound in `tcsetattr`","suggested_replacement":null,"suggestion_applicability":null,"expansion":null}],"children":[],"rendered":null}],"rendered":"\u001b[1m\u001b[91merror[E0277]\u001b[0m\u001b[1m: the trait bound `i32: AsFd` is not satisfied\u001b[0m\n    \u001b[1m\u001b[94m--> \u001b[0mcli/login/src/main.rs:122:15\n     \u001b[1m\u001b[94m|\u001b[0m\n\u001b[1m\u001b[94m 122\u001b[0m \u001b[1m\u001b[94m|\u001b[0m     tcsetattr(fd, SetArg::TCSANOW, &termios)?;\n     \u001b[1m\u001b[94m|\u001b[0m     \u001b[1m\u001b[94m---------\u001b[0m \u001b[1m\u001b[91m^^\u001b[0m \u001b[1m\u001b[91mthe trait `AsFd` is not implemented for `i32`\u001b[0m\n     \u001b[1m\u001b[94m|\u001b[0m     \u001b[1m\u001b[94m|\u001b[0m\n     \u001b[1m\u001b[94m|\u001b[0m     \u001b[1m\u001b[94mrequired by a bound introduced by this call\u001b[0m\n     \u001b[1m\u001b[94m|\u001b[0m\n     \u001b[1m\u001b[94m= \u001b[0m\u001b[1mhelp\u001b[0m: the following other types implement trait `AsFd`:\n               &T\n               &mut T\n               Arc<T>\n               BorrowedFd<'_>\n               Box<T>\n               ChildStderr\n               ChildStdin\n               ChildStdout\n             and 23 others\n\u001b[1m\u001b[92mnote\u001b[0m: required by a bound in `nix::sys::termios::tcsetattr`\n    \u001b[1m\u001b[94m--> \u001b[0m/root/.cargo/registry/src/index.crates.io-1949cf8c6b5b557f/nix-0.27.1/src/sys/termios.rs:1177:22\n     \u001b[1m\u001b[94m|\u001b[0m\n\u001b[1m\u001b[94m1177\u001b[0m \u001b[1m\u001b[94m|\u001b[0m pub fn tcsetattr<Fd: AsFd>(\n     \u001b[1m\u001b[94m|\u001b[0m                      \u001b[1m\u001b[92m^^^^\u001b[0m \u001b[1m\u001b[92mrequired by this bound in `tcsetattr`\u001b[0m\n\n"}
{"$message_type":"diagnostic","message":"no method named `read_line` found for struct `StdinLock<'a>` in the current scope","code":{"code":"E0599","explanation":"This error occurs when a method is used on a type which doesn't implement it:\n\nErroneous code example:\n\n```compile_fail,E0599\nstruct Mouth;\n\nlet x = Mouth;\nx.chocolate(); // error: no method named `chocolate` found for type `Mouth`\n               //        in the current scope\n```\n\nIn this case, you need to implement the `chocolate` method to fix the error:\n\n```\nstruct Mouth;\n\nimpl Mouth {\n    fn chocolate(&self) { // We implement the `chocolate` method here.\n        println!(\"Hmmm! I love chocolate!\");\n    }\n}\n\nlet x = Mouth;\nx.chocolate(); // ok!\n```\n"},"level":"error","spans":[{"file_name":"cli/login/src/main.rs","byte_start":3518,"byte_end":3527,"line_start":128,"line_end":128,"column_start":18,"column_end":27,"is_primary":true,"text":[{"text":"    stdin_locked.read_line(&mut password)?;","highlight_start":18,"highlight_end":27}],"label":"method not found in `StdinLock<'_>`","suggested_replacement":null,"suggestion_applicability":null,"expansion":null},{"file_name":"/rustc/7ecabfaaf1a58172cdd71f7661cf6589ddf7928f/library/std/src/io/mod.rs","byte_start":92404,"byte_end":92413,"line_start":2627,"line_end":2627,"column_start":8,"column_end":17,"is_primary":false,"text":[],"label":"the method is available for `StdinLock<'_>` here","suggested_replacement":null,"suggestion_applicability":null,"expansion":null}],"children":[{"message":"items from traits can only be used if the trait is in scope","code":null,"level":"help","spans":[],"children":[],"rendered":null},{"message":"trait `BufRead` which provides `read_line` is implemented but not in scope; perhaps you want to import it","code":null,"level":"help","spans":[{"file_name":"cli/login/src/main.rs","byte_start":286,"byte_end":286,"line_start":11,"line_end":11,"column_start":1,"column_end":1,"is_primary":true,"text":[{"text":"use anyhow::{Context, Result};","highlight_start":1,"highlight_end":1}],"label":null,"suggested_replacement":"use std::io::BufRead;\n","suggestion_applicability":"MaybeIncorrect","expansion":null}],"children":[],"rendered":null}],"rendered":"\u001b[1m\u001b[91merror[E0599]\u001b[0m\u001b[1m: no method named `read_line` found for struct `StdinLock<'a>` in the current scope\u001b[0m\n   \u001b[1m\u001b[94m--> \u001b[0mcli/login/src/main.rs:128:18\n    \u001b[1m\u001b[94m|\u001b[0m\n\u001b[1m\u001b[94m128\u001b[0m \u001b[1m\u001b[94m|\u001b[0m     stdin_locked.read_line(&mut password)?;\n    \u001b[1m\u001b[94m|\u001b[0m                  \u001b[1m\u001b[91m^^^^^^^^^\u001b[0m \u001b[1m\u001b[91mmethod not found in `StdinLock<'_>`\u001b[0m\n    \u001b[1m\u001b[94m|\u001b[0m\n   \u001b[1m\u001b[94m--> \u001b[0m/rustc/7ecabfaaf1a58172cdd71f7661cf6589ddf7928f/library/std/src/io/mod.rs:2627:7\n    \u001b[1m\u001b[94m|\u001b[0m\n    \u001b[1m\u001b[94m= \u001b[0m\u001b[1mnote\u001b[0m: the method is available for `StdinLock<'_>` here\n    \u001b[1m\u001b[94m|\u001b[0m\n    \u001b[1m\u001b[94m= \u001b[0m\u001b[1mhelp\u001b[0m: items from traits can only be used if the trait is in scope\n\u001b[1m\u001b[96mhelp\u001b[0m: trait `BufRead` which provides `read_line` is implemented but not in scope; perhaps you want to import it\n    \u001b[1m\u001b[94m|\u001b[0m\n\u001b[1m\u001b[94m 11\u001b[0m \u001b[92m+ use std::io::BufRead;\u001b[0m\n    \u001b[1m\u001b[94m|\u001b[0m\n\n"}
{"$message_type":"diagnostic","message":"the trait bound `i32: AsFd` is not satisfied","code":{"code":"E0277","explanation":"You tried to use a type which doesn't implement some trait in a place which\nexpected that trait.\n\nErroneous code example:\n\n```compile_fail,E0277\n// here we declare the Foo trait with a bar method\ntrait Foo {\n    fn bar(&self);\n}\n\n// we now declare a function which takes an object implementing the Foo trait\nfn some_func<T: Foo>(foo: T) {\n    foo.bar();\n}\n\nfn main() {\n    // we now call the method with the i32 type, which doesn't implement\n    // the Foo trait\n    some_func(5i32); // error: the trait bound `i32 : Foo` is not satisfied\n}\n```\n\nIn order to fix this error, verify that the type you're using does implement\nthe trait. Example:\n\n```\ntrait Foo {\n    fn bar(&self);\n}\n\n// we implement the trait on the i32 type\nimpl Foo for i32 {\n    fn bar(&self) {}\n}\n\nfn some_func<T: Foo>(foo: T) {\n    foo.bar(); // we can now use this method since i32 implements the\n               // Foo trait\n}\n\nfn main() {\n    some_func(5i32); // ok!\n}\n```\n\nOr in a generic context, an erroneous code example would look like:\n\n```compile_fail,E0277\nfn some_func<T>(foo: T) {\n    println!(\"{:?}\", foo); // error: the trait `core::fmt::Debug` is not\n                           //        implemented for the type `T`\n}\n\nfn main() {\n    // We now call the method with the i32 type,\n    // which *does* implement the Debug trait.\n    some_func(5i32);\n}\n```\n\nNote that the error here is in the definition of the generic function. Although\nwe only call it with a parameter that does implement `Debug`, the compiler\nstill rejects the function. It must work with all possible input types. In\norder to make this example compile, we need to restrict the generic type we're\naccepting:\n\n```\nuse std::fmt;\n\n// Restrict the input type to types that implement Debug.\nfn some_func<T: fmt::Debug>(foo: T) {\n    println!(\"{:?}\", foo);\n}\n\nfn main() {\n    // Calling the method is still fine, as i32 implements Debug.\n    some_func(5i32);\n\n    // This would fail to compile now:\n    // struct WithoutDebug;\n    // some_func(WithoutDebug);\n}\n```\n\nRust only looks at the signature of the called function, as such it must\nalready specify all requirements that will be used for every type parameter.\n"},"level":"error","spans":[{"file_name":"cli/login/src/main.rs","byte_start":3604,"byte_end":3606,"line_start":132,"line_end":132,"column_start":15,"column_end":17,"is_primary":true,"text":[{"text":"    tcsetattr(fd, SetArg::TCSANOW, &original)?;","highlight_start":15,"highlight_end":17}],"label":"the trait `AsFd` is not implemented for `i32`","suggested_replacement":null,"suggestion_applicability":null,"expansion":null},{"file_name":"cli/login/src/main.rs","byte_start":3594,"byte_end":3603,"line_start":132,"line_end":132,"column_start":5,"column_end":14,"is_primary":false,"text":[{"text":"    tcsetattr(fd, SetArg::TCSANOW, &original)?;","highlight_start":5,"highlight_end":14}],"label":"required by a bound introduced by this call","suggested_replacement":null,"suggestion_applicability":null,"expansion":null}],"children":[{"message":"the following other types implement trait `AsFd`:\n  &T\n  &mut T\n  Arc<T>\n  BorrowedFd<'_>\n  Box<T>\n  ChildStderr\n  ChildStdin\n  ChildStdout\nand 23 others","code":null,"level":"help","spans":[],"children":[],"rendered":null},{"message":"required by a bound in `nix::sys::termios::tcsetattr`","code":null,"level":"note","spans":[{"file_name":"/root/.cargo/registry/src/index.crates.io-1949cf8c6b5b557f/nix-0.27.1/src/sys/termios.rs","byte_start":43519,"byte_end":43523,"line_start":1177,"line_end":1177,"column_start":22,"column_end":26,"is_primary":true,"text":[{"text":"pub fn tcsetattr<Fd: AsFd>(","highlight_start":22,"highlight_end":26}],"label":"required by this bound in `tcsetattr`","suggested_replacement":null,"suggestion_applicability":null,"expansion":null}],"children":[],"rendered":null}],"rendered":"\u001b[1m\u001b[91merror[E0277]\u001b[0m\u001b[1m: the trait bound `i32: AsFd` is not satisfied\u001b[0m\n    \u001b[1m\u001b[94m--> \u001b[0mcli/login/src/main.rs:132:15\n     \u001b[1m\u001b[94m|\u001b[0m\n\u001b[1m\u001b[94m 132\u001b[0m \u001b[1m\u001b[94m|\u001b[0m     tcsetattr(fd, SetArg::TCSANOW, &original)?;\n     \u001b[1m\u001b[94m|\u001b[0m     \u001b[1m\u001b[94m---------\u001b[0m \u001b[1m\u001b[91m^^\u001b[0m \u001b[1m\u001b[91mthe trait `AsFd` is not implemented for `i32`\u001b[0m\n     \u001b[1m\u001b[94m|\u001b[0m     \u001b[1m\u001b[94m|\u001b[0m\n     \u001b[1m\u001b[94m|\u001b[0m     \u001b[1m\u001b[94mrequired by a bound introduced by this call\u001b[0m\n     \u001b[1m\u001b[94m|\u001b[0m\n     \u001b[1m\u001b[94m= \u001b[0m\u001b[1mhelp\u001b[0m: the following other types implement trait `AsFd`:\n               &T\n               &mut T\n               Arc<T>\n               BorrowedFd<'_>\n               Box<T>\n               ChildStderr\n               ChildStdin\n               ChildStdout\n             and 23 others\n\u001b[1m\u001b[92mnote\u001b[0m: required by a bound in `nix::sys::termios::tcsetattr`\n    \u001b[1m\u001b[94m--> \u001b[0m/root/.cargo/registry/src/index.crates.io-1949cf8c6b5b557f/nix-0.27.1/src/sys/termios.rs:1177:22\n     \u001b[1m\u001b[94m|\u001b[0m\n\u001b[1m\u001b[94m1177\u001b[0m \u001b[1m\u001b[94m|\u001b[0m pub fn tcsetattr<Fd: AsFd>(\n     \u001b[1m\u001b[94m|\u001b[0m                      \u001b[1m\u001b[92m^^^^\u001b[0m \u001b[1m\u001b[92mrequired by this bound in `tcsetattr`\u001b[0m\n\n"}
{"$message_type":"diagnostic","message":"mismatched types","code":{"code":"E0308","explanation":"Expected type did not match the received type.\n\nErroneous code examples:\n\n```compile_fail,E0308\nfn plus_one(x: i32) -> i32 {\n    x + 1\n}\n\nplus_one(\"Not a number\");\n//       ^^^^^^^^^^^^^^ expected `i32`, found `&str`\n\nif \"Not a bool\" {\n// ^^^^^^^^^^^^ expected `bool`, found `&str`\n}\n\nlet x: f32 = \"Not a float\";\n//     ---   ^^^^^^^^^^^^^ expected `f32`, found `&str`\n//     |\n//     expected due to this\n```\n\nThis error occurs when an expression was used in a place where the compiler\nexpected an expression of a different type. It can occur in several cases, the\nmost common being when calling a function and passing an argument which has a\ndifferent type than the matching type in the function declaration.\n"},"level":"error","spans":[{"file_name":"cli/login/src/main.rs","byte_start":6007,"byte_end":6020,"line_start":212,"line_end":212,"column_start":13,"column_end":26,"is_primary":true,"text":[{"text":"            argv.as_ptr(),","highlight_start":13,"highlight_end":26}],"label":"types differ in mutability","suggested_replacement":null,"suggestion_applicability":null,"expansion":null},{"file_name":"cli/login/src/main.rs","byte_start":5943,"byte_end":5955,"line_start":210,"line_end":210,"column_start":9,"column_end":21,"is_primary":false,"text":[{"text":"        libc::execvp(","highlight_start":9,"highlight_end":21}],"label":"arguments to this function are incorrect","suggested_replacement":null,"suggestion_applicability":null,"expansion":null}],"children":[{"message":"expected raw pointer `*const *const i8`\n   found raw pointer `*const *mut i8`","code":null,"level":"note","spans":[],"children":[],"rendered":null},{"message":"function defined here","code":null,"level":"note","spans":[{"file_name":"/root/.cargo/registry/src/index.crates.io-1949cf8c6b5b557f/libc-0.2.179/src/unix/mod.rs","byte_start":36627,"byte_end":36633,"line_start":1060,"line_end":1060,"column_start":12,"column_end":18,"is_primary":true,"text":[{"text":"    pub fn execvp(c: *const c_char, argv: *const *const c_char) -> c_int;","highlight_start":12,"highlight_end":18}],"label":null,"suggested_replacement":null,"suggestion_applicability":null,"expansion":null}],"children":[],"rendered":null}],"rendered":"\u001b[1m\u001b[91merror[E0308]\u001b[0m\u001b[1m: mismatched types\u001b[0m\n    \u001b[1m\u001b[94m--> \u001b[0mcli/login/src/main.rs:212:13\n     \u001b[1m\u001b[94m|\u001b[0m\n\u001b[1m\u001b[94m 210\u001b[0m \u001b[1m\u001b[94m|\u001b[0m         libc::execvp(\n     \u001b[1m\u001b[94m|\u001b[0m         \u001b[1m\u001b[94m------------\u001b[0m \u001b[1m\u001b[94marguments to this function are incorrect\u001b[0m\n\u001b[1m\u001b[94m 211\u001b[0m \u001b[1m\u001b[94m|\u001b[0m             shell_cstring.as_ptr(),\n\u001b[1m\u001b[94m 212\u001b[0m \u001b[1m\u001b[94m|\u001b[0m             argv.as_ptr(),\n     \u001b[1m\u001b[94m|\u001b[0m             \u001b[1m\u001b[91m^^^^^^^^^^^^^\u001b[0m \u001b[1m\u001b[91mtypes differ in mutability\u001b[0m\n     \u001b[1m\u001b[94m|\u001b[0m\n     \u001b[1m\u001b[94m= \u001b[0m\u001b[1mnote\u001b[0m: expected raw pointer `\u001b[1m\u001b[35m*const *const i8\u001b[0m`\n                found raw pointer `\u001b[1m\u001b[35m*const *mut i8\u001b[0m`\n\u001b[1m\u001b[92mnote\u001b[0m: function defined here\n    \u001b[1m\u001b[94m--> \u001b[0m/root/.cargo/registry/src/index.crates.io-1949cf8c6b5b557f/libc-0.2.179/src/unix/mod.rs:1060:12\n     \u001b[1m\u001b[94m|\u001b[0m\n\u001b[1m\u001b[94m1060\u001b[0m \u001b[1m\u001b[94m|\u001b[0m     pub fn execvp(c: *const c_char, argv: *const *const c_char) -> c_int;\n     \u001b[1m\u001b[94m|\u001b[0m            \u001b[1m\u001b[92m^^^^^^\u001b[0m\n\n"}
{"$message_type":"diagnostic","message":"unused variable: `now`","code":{"code":"unused_variables","explanation":null},"level":"warning","spans":[{"file_name":"cli/login/src/main.rs","byte_start":6596,"byte_end":6599,"line_start":234,"line_end":234,"column_start":17,"column_end":20,"is_primary":true,"text":[{"text":"            let now = SystemTime::now()","highlight_start":17,"highlight_end":20}],"label":null,"suggested_replacement":null,"suggestion_applicability":null,"expansion":null}],"children":[{"message":"`#[warn(unused_variables)]` (part of `#[warn(unused)]`) on by default","code":null,"level":"note","spans":[],"children":[],"rendered":null},{"message":"if this is intentional, prefix it with an underscore","code":null,"level":"help","spans":[{"file_name":"cli/login/src/main.rs","byte_start":6596,"byte_end":6599,"line_start":234,"line_end":234,"column_start":17,"column_end":20,"is_primary":true,"text":[{"text":"            let now = SystemTime::now()","highlight_start":17,"highlight_end":20}],"label":null,"suggested_replacement":"_now","suggestion_applicability":"MachineApplicable","expansion":null}],"children":[],"rendered":null}],"rendered":"\u001b[1m\u001b[33mwarning\u001b[0m\u001b[1m: unused variable: `now`\u001b[0m\n   \u001b[1m\u001b[94m--> \u001b[0mcli/login/src/main.rs:234:17\n    \u001b[1m\u001b[94m|\u001b[0m\n\u001b[1m\u001b[94m234\u001b[0m \u001b[1m\u001b[94m|\u001b[0m             let now = SystemTime::now()\n    \u001b[1m\u001b[94m|\u001b[0m                 \u001b[1m\u001b[33m^^^\u001b[0m \u001b[1m\u001b[33mhelp: if this is intentional, prefix it with an underscore: `_now`\u001b[0m\n    \u001b[1m\u001b[94m|\u001b[0m\n    \u001b[1m\u001b[94m= \u001b[0m\u001b[1mnote\u001b[0m: `#[warn(unused_variables)]` (part of `#[warn(unused)]`) on by default\n\n"}
{"$message_type":"diagnostic","message":"aborting due to 6 previous errors; 5 warnings emitted","code":null,"level":"error","spans":[],"children":[],"rendered":"\u001b[1m\u001b[91merror\u001b[0m\u001b[1m: aborting due to 6 previous errors; 5 warnings emitted\u001b[0m\n\n"}
{"$message_type":"diagnostic","message":"Some errors have detailed explanations: E0277, E0308, E0599.","code":null,"level":"failure-note","spans":[],"children":[],"rendered":"\u001b[1mSome errors have detailed explanations: E0277, E0308, E0599.\u001b[0m\n"}
{"$message_type":"diagnostic","message":"For more information about an error, try `rustc --explain E0277`.","code":null,"level":"failure-note","spans":[],"children":[],"rendered":"\u001b[1mFor more information about an error, try `rustc --explain E0277`.\u001b[0m\n"}
